<?xml version="1.0" encoding="UTF-8"?>
<!-- Generated by org.testng.reporters.JUnitReportReporter -->
<testsuite hostname="DESKTOP-H5MG9OP" failures="0" tests="1" name="unittest.UnitTest" time="0.026" errors="0" timestamp="2022-04-05T22:36:59 IST" skipped="0">
  <testcase classname="unittest.UnitTest" name="test" time="0.026"/>
  <system-out/>
</testsuite> <!-- unittest.UnitTest -->
