<?xml version="1.0" encoding="UTF-8"?>
<!-- Generated by org.testng.reporters.JUnitReportReporter -->
<testsuite hostname="DESKTOP-H5MG9OP" failures="0" tests="1" name="com.saas.app.testCases.TC_LoginPage" time="4.689" errors="0" timestamp="2022-05-01T16:45:42 IST" skipped="0">
  <testcase classname="com.saas.app.testCases.TC_LoginPage" name="valLoginPageTest" time="4.689"/>
  <system-out/>
</testsuite> <!-- com.saas.app.testCases.TC_LoginPage -->
