<?xml version="1.0" encoding="UTF-8"?>
<!-- Generated by org.testng.reporters.JUnitReportReporter -->
<testsuite hostname="DESKTOP-H5MG9OP" failures="0" tests="2" name="com.saas.app.testCases.TC_ContactsPage" time="9.002" errors="0" timestamp="2022-05-01T16:45:42 IST" skipped="0">
  <testcase classname="com.saas.app.testCases.TC_ContactsPage" name="valCreateNewContact" time="4.601"/>
  <system-out/>
  <testcase classname="com.saas.app.testCases.TC_ContactsPage" name="valCreateNewContact" time="4.401"/>
  <system-out/>
</testsuite> <!-- com.saas.app.testCases.TC_ContactsPage -->
