<?xml version="1.0" encoding="UTF-8"?>
<!-- Generated by org.testng.reporters.JUnitReportReporter -->
<testsuite hostname="DESKTOP-H5MG9OP" failures="0" tests="1" name="unittest.UnitTest" time="0.334" errors="0" timestamp="2022-04-07T09:06:23 IST" skipped="0">
  <testcase classname="unittest.UnitTest" name="ReportClass" time="0.334"/>
  <system-out/>
</testsuite> <!-- unittest.UnitTest -->
