<?xml version="1.0" encoding="UTF-8"?>
<!-- Generated by org.testng.reporters.JUnitReportReporter -->
<testsuite hostname="DESKTOP-H5MG9OP" failures="0" tests="1" name="com.saas.app.testCases.TC_LoginPage" time="8.837" errors="0" timestamp="2022-04-10T22:49:48 IST" skipped="0">
  <testcase classname="com.saas.app.testCases.TC_LoginPage" name="loginPageTest" time="8.837"/>
  <system-out/>
</testsuite> <!-- com.saas.app.testCases.TC_LoginPage -->
