<?xml version="1.0" encoding="UTF-8"?>
<!-- Generated by org.testng.reporters.JUnitReportReporter -->
<testsuite hostname="DESKTOP-H5MG9OP" failures="0" tests="1" name="com.saas.app.testCases.TC_LogoutPage" time="0.483" errors="0" timestamp="2022-04-24T15:13:35 IST" skipped="0">
  <testcase classname="com.saas.app.testCases.TC_LogoutPage" name="logoutPageTest" time="0.483"/>
  <system-out/>
</testsuite> <!-- com.saas.app.testCases.TC_LogoutPage -->
