<?xml version="1.0" encoding="UTF-8"?>
<!-- Generated by org.testng.reporters.JUnitReportReporter -->
<testsuite hostname="DESKTOP-H5MG9OP" failures="0" tests="1" name="com.saas.app.testCases.TC_LoginPage" time="4.660" errors="0" timestamp="2022-04-24T15:13:35 IST" skipped="0">
  <testcase classname="com.saas.app.testCases.TC_LoginPage" name="valLoginPageTest" time="4.660"/>
  <system-out/>
</testsuite> <!-- com.saas.app.testCases.TC_LoginPage -->
