<?xml version="1.0" encoding="UTF-8"?>
<!-- Generated by org.testng.reporters.JUnitReportReporter -->
<testsuite hostname="DESKTOP-H5MG9OP" failures="0" tests="1" name="com.saas.app.testCases.TC_HomePage" time="0.416" errors="0" timestamp="2022-04-11T07:36:20 IST" skipped="0">
  <testcase classname="com.saas.app.testCases.TC_HomePage" name="homePageTest" time="0.416"/>
  <system-out/>
</testsuite> <!-- com.saas.app.testCases.TC_HomePage -->
