<?xml version="1.0" encoding="UTF-8"?>
<!-- Generated by org.testng.reporters.JUnitReportReporter -->
<testsuite hostname="DESKTOP-H5MG9OP" failures="0" tests="1" name="com.saas.app.testCases.TC_ContactsPage" time="17.458" errors="0" timestamp="2022-04-10T22:49:48 IST" skipped="0">
  <testcase classname="com.saas.app.testCases.TC_ContactsPage" name="createNewContact" time="17.458"/>
  <system-out/>
</testsuite> <!-- com.saas.app.testCases.TC_ContactsPage -->
