<?xml version="1.0" encoding="UTF-8"?>
<!-- Generated by org.testng.reporters.JUnitReportReporter -->
<testsuite hostname="DESKTOP-H5MG9OP" failures="0" tests="6" name="com.saas.app.testCases.TC_ContactsPage" time="26.553" errors="0" timestamp="2022-04-24T15:13:35 IST" skipped="0">
  <testcase classname="com.saas.app.testCases.TC_ContactsPage" name="valCreateNewContact" time="4.371"/>
  <system-out/>
  <testcase classname="com.saas.app.testCases.TC_ContactsPage" name="valCreateNewContact" time="4.298"/>
  <system-out/>
  <testcase classname="com.saas.app.testCases.TC_ContactsPage" name="valCreateNewContact" time="4.650"/>
  <system-out/>
  <testcase classname="com.saas.app.testCases.TC_ContactsPage" name="valCreateNewContact" time="4.372"/>
  <system-out/>
  <testcase classname="com.saas.app.testCases.TC_ContactsPage" name="valCreateNewContact" time="4.412"/>
  <system-out/>
  <testcase classname="com.saas.app.testCases.TC_ContactsPage" name="valCreateNewContact" time="4.450"/>
  <system-out/>
</testsuite> <!-- com.saas.app.testCases.TC_ContactsPage -->
