<?xml version="1.0" encoding="UTF-8"?>
<!-- Generated by org.testng.reporters.JUnitReportReporter -->
<testsuite hostname="DESKTOP-H5MG9OP" failures="0" tests="1" name="unittest.logTest" time="0.066" errors="0" timestamp="2022-04-05T22:18:18 IST" skipped="0">
  <testcase classname="unittest.logTest" name="loggingTest" time="0.066"/>
  <system-out/>
</testsuite> <!-- unittest.logTest -->
