<?xml version="1.0" encoding="UTF-8"?>
<!-- Generated by org.testng.reporters.JUnitReportReporter -->
<testsuite hostname="DESKTOP-H5MG9OP" failures="0" tests="1" name="com.saas.app.testCases.TC_LoginPage" time="8.344" errors="0" timestamp="2022-04-24T22:27:14 IST" skipped="0">
  <testcase classname="com.saas.app.testCases.TC_LoginPage" name="valLoginPageTest" time="8.344"/>
  <system-out/>
</testsuite> <!-- com.saas.app.testCases.TC_LoginPage -->
