<?xml version="1.0" encoding="UTF-8"?>
<!-- Generated by org.testng.reporters.JUnitReportReporter -->
<testsuite hostname="DESKTOP-H5MG9OP" failures="0" tests="1" name="com.saas.app.testCases.TC_LogoutPage" time="0.903" errors="0" timestamp="2022-05-01T16:45:42 IST" skipped="0">
  <testcase classname="com.saas.app.testCases.TC_LogoutPage" name="logoutPageTest" time="0.903"/>
  <system-out/>
</testsuite> <!-- com.saas.app.testCases.TC_LogoutPage -->
