<?xml version="1.0" encoding="UTF-8"?>
<!-- Generated by org.testng.reporters.JUnitReportReporter -->
<testsuite hostname="DESKTOP-H5MG9OP" failures="0" tests="2" name="com.saas.app.testCases.TC_ContactsPage" time="10.290" errors="0" timestamp="2022-04-24T22:27:14 IST" skipped="0">
  <testcase classname="com.saas.app.testCases.TC_ContactsPage" name="valCreateNewContact" time="4.461"/>
  <system-out/>
  <testcase classname="com.saas.app.testCases.TC_ContactsPage" name="valCreateNewContact" time="5.829"/>
  <system-out/>
</testsuite> <!-- com.saas.app.testCases.TC_ContactsPage -->
