<?xml version="1.0" encoding="UTF-8"?>
<!-- Generated by org.testng.reporters.JUnitReportReporter -->
<testsuite hostname="DESKTOP-H5MG9OP" failures="0" tests="1" name="com.saas.app.testCases.TC_LoginPage" time="5.624" errors="0" timestamp="2022-05-01T17:00:04 IST" skipped="0">
  <testcase classname="com.saas.app.testCases.TC_LoginPage" name="valLoginPageTest" time="5.624"/>
  <system-out/>
</testsuite> <!-- com.saas.app.testCases.TC_LoginPage -->
